Removed Pin From Net: NetName=Y Pin=U2-7
Removed Pin From Net: NetName=X Pin=U2-8
Removed Pin From Net: NetName=LCD_RST Pin=U2-10
Removed Pin From Net: NetName=LCD_SCK Pin=U2-11
Removed Pin From Net: NetName=LCD_RS Pin=U2-12
Removed Pin From Net: NetName=LCD_SDA Pin=U2-13
Removed Pin From Net: NetName=LCD_CS Pin=U2-14
Removed Pin From Net: NetName=BT1 Pin=U2-21
Removed Pin From Net: NetName=BT2 Pin=U2-22
Removed Pin From Net: NetName=BT3 Pin=U2-23
Removed Pin From Net: NetName=BT4 Pin=U2-24
Removed Pin From Net: NetName=BUZZER Pin=U2-25
Removed Pin From Net: NetName=+5 Pin=U2-38
Removed Pin From Net: NetName=GND Pin=U2-39
Removed Pin From Net: NetName=VCC Pin=U2-40
Removed Member From Class: ClassName=Sheet1 Member=U2
Added Pin To Net: NetName=BT1 Pin=MCU?-1
Added Pin To Net: NetName=BT2 Pin=MCU?-2
Added Pin To Net: NetName=BT3 Pin=MCU?-3
Added Pin To Net: NetName=BT4 Pin=MCU?-5
Added Pin To Net: NetName=BUZZER Pin=MCU?-5
Added Pin To Net: NetName=+5 Pin=MCU?-18
Added Pin To Net: NetName=GND Pin=MCU?-19
Added Pin To Net: NetName=VCC Pin=MCU?-20
Added Pin To Net: NetName=LCD_CS Pin=MCU?-27
Added Pin To Net: NetName=LCD_SDA Pin=MCU?-28
Added Pin To Net: NetName=LCD_RS Pin=MCU?-29
Added Pin To Net: NetName=LCD_SCK Pin=MCU?-30
Added Pin To Net: NetName=LCD_RST Pin=MCU?-31
Added Pin To Net: NetName=X Pin=MCU?-33
Added Pin To Net: NetName=Y Pin=MCU?-34
